25-10-2020 15:01:16 INFO o.h.v.i.u.Version -> HV000001: Hibernate Validator 6.1.5.Final
25-10-2020 15:01:16 INFO o.s.b.StartupInfoLogger -> Starting CasinoApplication on JORDI-PC with PID 5668 (C:\DEV\works\work_candidatures\casino\target\classes started by Jordi M in C:\DEV\works\work_candidatures\casino)
25-10-2020 15:01:16 DEBUG o.s.b.StartupInfoLogger -> Running with Spring Boot v2.3.4.RELEASE, Spring v5.2.9.RELEASE
25-10-2020 15:01:16 INFO o.s.b.SpringApplication -> No active profile set, falling back to default profiles: default
25-10-2020 15:01:17 INFO o.s.b.w.e.t.TomcatWebServer -> Tomcat initialized with port(s): 9095 (http)
25-10-2020 15:01:17 INFO o.a.j.l.DirectJDKLog -> Initializing ProtocolHandler ["http-nio-9095"]
25-10-2020 15:01:17 INFO o.a.j.l.DirectJDKLog -> Starting service [Tomcat]
25-10-2020 15:01:17 INFO o.a.j.l.DirectJDKLog -> Starting Servlet engine: [Apache Tomcat/9.0.38]
25-10-2020 15:01:17 INFO o.a.j.l.DirectJDKLog -> Initializing Spring embedded WebApplicationContext
25-10-2020 15:01:17 INFO o.s.b.w.s.c.ServletWebServerApplicationContext -> Root WebApplicationContext: initialization completed in 1112 ms
25-10-2020 15:01:17 DEBUG n.j.c.u.CasinoLogger -> init: inserting TEST-UUID-01 player
25-10-2020 15:01:17 INFO o.s.s.c.ExecutorConfigurationSupport -> Initializing ExecutorService 'applicationTaskExecutor'
25-10-2020 15:01:17 INFO o.j.s.t.ScheduledThreadPoolJobRunrExecutor -> ThreadManager of type 'ScheduledThreadPool' started
25-10-2020 15:01:17 INFO o.j.s.BackgroundJobServer -> JobRunr BackgroundJobServer (33569c9b-1125-4cff-a80b-efc1b6bd7309) and 128 BackgroundJobPerformers started successfully
25-10-2020 15:01:17 INFO o.j.d.JobRunrDashboardWebServer -> JobRunr Dashboard started at http://localhost:8000
25-10-2020 15:01:17 INFO o.a.j.l.DirectJDKLog -> Starting ProtocolHandler ["http-nio-9095"]
25-10-2020 15:01:17 INFO o.s.b.w.e.t.TomcatWebServer -> Tomcat started on port(s): 9095 (http) with context path ''
25-10-2020 15:01:17 INFO o.s.b.StartupInfoLogger -> Started CasinoApplication in 2.096 seconds (JVM running for 2.766)
25-10-2020 15:01:18 INFO o.j.s.ServerZooKeeper -> Server 33569c9b-1125-4cff-a80b-efc1b6bd7309 is master
25-10-2020 15:01:48 INFO n.j.c.u.CasinoLogger -> The Job has begun -> New Player and his Bets
25-10-2020 15:01:48 INFO n.j.c.u.CasinoLogger -> JOB: New Player   -> Player [maxTime=151, UUID=PLAYER-CRON-UUID-0, userProvider=BWIN]
25-10-2020 15:01:48 INFO n.j.c.u.CasinoLogger -> PURGE -> Players in memory = 2
25-10-2020 15:01:48 INFO n.j.c.u.CasinoLogger -> JOB: New Bet      -> Bet [betAmount=24.0, playerUUID=PLAYER-CRON-UUID-0, gameUUID=VIDEOBINGO-UUID, balancePlayer=101.0]
25-10-2020 15:01:48 INFO n.j.c.u.CasinoLogger -> TRANSACTION -> Bet [betUUID=BET-CRON-UUID-1, gameUUID=VIDEOBINGO-UUID, prizeAmount=0.0, comment=Bet done, balancePlayer=77.0]
25-10-2020 15:01:48 INFO n.j.c.u.CasinoLogger -> JOB: New Bet      -> Bet [betAmount=28.0, playerUUID=PLAYER-CRON-UUID-0, gameUUID=BLACKJACK-UUID, balancePlayer=77.0]
25-10-2020 15:01:48 INFO n.j.c.u.CasinoLogger -> TRANSACTION -> Bet [betUUID=BET-CRON-UUID-2, gameUUID=BLACKJACK-UUID, prizeAmount=0.0, comment=Bet done, balancePlayer=49.0]
25-10-2020 15:01:48 INFO n.j.c.u.CasinoLogger -> JOB: New Bet      -> Bet [betAmount=21.0, playerUUID=PLAYER-CRON-UUID-0, gameUUID=VIDEOBINGO-UUID, balancePlayer=49.0]
25-10-2020 15:01:48 INFO n.j.c.u.CasinoLogger -> TRANSACTION -> Bet [betUUID=BET-CRON-UUID-3, gameUUID=VIDEOBINGO-UUID, prizeAmount=0.0, comment=Bet done, balancePlayer=28.0]
25-10-2020 15:01:48 INFO n.j.c.u.CasinoLogger -> END JOB
25-10-2020 15:01:53 INFO n.j.c.u.CasinoLogger -> The Job has finished.
25-10-2020 15:02:48 INFO n.j.c.u.CasinoLogger -> The Job has begun -> New Player and his Bets
25-10-2020 15:02:48 INFO n.j.c.u.CasinoLogger -> JOB: New Player   -> Player [maxTime=231, UUID=PLAYER-CRON-UUID-1, userProvider=POKERSTAR]
25-10-2020 15:02:48 INFO n.j.c.u.CasinoLogger -> PURGE -> Players in memory = 3
25-10-2020 15:02:48 INFO n.j.c.u.CasinoLogger -> JOB: New Bet      -> Bet [betAmount=30.0, playerUUID=PLAYER-CRON-UUID-1, gameUUID=VIDEOBINGO-UUID, balancePlayer=199.0]
25-10-2020 15:02:48 INFO n.j.c.u.CasinoLogger -> TRANSACTION -> Bet [betUUID=BET-CRON-UUID-4, gameUUID=VIDEOBINGO-UUID, prizeAmount=0.0, comment=Bet done, balancePlayer=169.0]
25-10-2020 15:02:48 INFO n.j.c.u.CasinoLogger -> JOB: New Bet      -> Bet [betAmount=7.0, playerUUID=PLAYER-CRON-UUID-1, gameUUID=VIDEOBINGO-UUID, balancePlayer=169.0]
25-10-2020 15:02:48 INFO n.j.c.u.CasinoLogger -> TRANSACTION -> Bet [betUUID=BET-CRON-UUID-5, gameUUID=VIDEOBINGO-UUID, prizeAmount=0.0, comment=Bet done, balancePlayer=162.0]
25-10-2020 15:02:48 INFO n.j.c.u.CasinoLogger -> JOB: New Bet      -> Bet [betAmount=19.0, playerUUID=PLAYER-CRON-UUID-1, gameUUID=POKER-UUID, balancePlayer=162.0]
25-10-2020 15:02:48 INFO n.j.c.u.CasinoLogger -> TRANSACTION -> Bet [betUUID=BET-CRON-UUID-6, gameUUID=POKER-UUID, prizeAmount=0.0, comment=Bet done, balancePlayer=143.0]
25-10-2020 15:02:48 INFO n.j.c.u.CasinoLogger -> END JOB
25-10-2020 15:02:53 INFO n.j.c.u.CasinoLogger -> The Job has finished.
25-10-2020 15:03:48 INFO n.j.c.u.CasinoLogger -> The Job has begun -> New Player and his Bets
25-10-2020 15:03:48 INFO n.j.c.u.CasinoLogger -> JOB: New Player   -> Player [maxTime=289, UUID=PLAYER-CRON-UUID-2, userProvider=BWIN]
25-10-2020 15:03:48 INFO n.j.c.u.CasinoLogger -> PURGE -> Players in memory = 4
25-10-2020 15:03:48 INFO n.j.c.u.CasinoLogger -> JOB: New Bet      -> Bet [betAmount=10.0, playerUUID=PLAYER-CRON-UUID-2, gameUUID=POKER-UUID, balancePlayer=114.0]
25-10-2020 15:03:48 INFO n.j.c.u.CasinoLogger -> TRANSACTION -> Bet [betUUID=BET-CRON-UUID-7, gameUUID=POKER-UUID, prizeAmount=0.0, comment=Bet done, balancePlayer=104.0]
25-10-2020 15:03:48 INFO n.j.c.u.CasinoLogger -> JOB: New Bet      -> Bet [betAmount=21.0, playerUUID=PLAYER-CRON-UUID-2, gameUUID=POKER-UUID, balancePlayer=104.0]
25-10-2020 15:03:48 INFO n.j.c.u.CasinoLogger -> TRANSACTION -> Bet [betUUID=BET-CRON-UUID-8, gameUUID=POKER-UUID, prizeAmount=0.0, comment=Bet done, balancePlayer=83.0]
25-10-2020 15:03:48 INFO n.j.c.u.CasinoLogger -> JOB: New Bet      -> Bet [betAmount=26.0, playerUUID=PLAYER-CRON-UUID-2, gameUUID=VIDEOBINGO-UUID, balancePlayer=83.0]
25-10-2020 15:03:48 INFO n.j.c.u.CasinoLogger -> TRANSACTION -> Bet [betUUID=BET-CRON-UUID-9, gameUUID=VIDEOBINGO-UUID, prizeAmount=0.0, comment=Bet done, balancePlayer=57.0]
25-10-2020 15:03:48 INFO n.j.c.u.CasinoLogger -> END JOB
25-10-2020 15:03:53 INFO n.j.c.u.CasinoLogger -> The Job has finished.
25-10-2020 15:04:48 INFO n.j.c.u.CasinoLogger -> The Job has begun -> New Player and his Bets
25-10-2020 15:04:48 INFO n.j.c.u.CasinoLogger -> JOB: New Player   -> Player [maxTime=226, UUID=PLAYER-CRON-UUID-3, userProvider=POKERSTAR]
25-10-2020 15:04:48 INFO n.j.c.u.CasinoLogger -> PURGE -> Players in memory = 4
25-10-2020 15:04:48 INFO n.j.c.u.CasinoLogger -> JOB: New Bet      -> Bet [betAmount=5.0, playerUUID=PLAYER-CRON-UUID-3, gameUUID=BLACKJACK-UUID, balancePlayer=120.0]
25-10-2020 15:04:48 INFO n.j.c.u.CasinoLogger -> TRANSACTION -> Bet [betUUID=BET-CRON-UUID-10, gameUUID=BLACKJACK-UUID, prizeAmount=0.0, comment=Bet done, balancePlayer=115.0]
25-10-2020 15:04:48 INFO n.j.c.u.CasinoLogger -> JOB: New Bet      -> Bet [betAmount=7.0, playerUUID=PLAYER-CRON-UUID-3, gameUUID=VIDEOBINGO-UUID, balancePlayer=115.0]
25-10-2020 15:04:48 INFO n.j.c.u.CasinoLogger -> TRANSACTION -> Bet [betUUID=BET-CRON-UUID-11, gameUUID=VIDEOBINGO-UUID, prizeAmount=0.0, comment=Bet done, balancePlayer=108.0]
25-10-2020 15:04:48 INFO n.j.c.u.CasinoLogger -> JOB: New Bet      -> Bet [betAmount=4.0, playerUUID=PLAYER-CRON-UUID-3, gameUUID=BLACKJACK-UUID, balancePlayer=108.0]
25-10-2020 15:04:48 INFO n.j.c.u.CasinoLogger -> END JOB
25-10-2020 15:04:53 INFO n.j.c.u.CasinoLogger -> The Job has finished.
25-10-2020 15:05:48 INFO n.j.c.u.CasinoLogger -> The Job has begun -> New Player and his Bets
25-10-2020 15:05:48 INFO n.j.c.u.CasinoLogger -> JOB: New Player   -> Player [maxTime=274, UUID=PLAYER-CRON-UUID-4, userProvider=BWIN]
25-10-2020 15:05:48 INFO n.j.c.u.CasinoLogger -> PURGE -> Players in memory = 5
25-10-2020 15:05:48 INFO n.j.c.u.CasinoLogger -> JOB: New Bet      -> Bet [betAmount=5.0, playerUUID=PLAYER-CRON-UUID-4, gameUUID=VIDEOBINGO-UUID, balancePlayer=127.0]
25-10-2020 15:05:48 INFO n.j.c.u.CasinoLogger -> TRANSACTION -> Bet [betUUID=BET-CRON-UUID-13, gameUUID=VIDEOBINGO-UUID, prizeAmount=0.0, comment=Bet done, balancePlayer=122.0]
25-10-2020 15:05:48 INFO n.j.c.u.CasinoLogger -> JOB: New Bet      -> Bet [betAmount=25.0, playerUUID=PLAYER-CRON-UUID-4, gameUUID=POKER-UUID, balancePlayer=122.0]
25-10-2020 15:05:48 INFO n.j.c.u.CasinoLogger -> TRANSACTION -> Bet [betUUID=BET-CRON-UUID-14, gameUUID=POKER-UUID, prizeAmount=0.0, comment=Bet done, balancePlayer=97.0]
25-10-2020 15:05:48 INFO n.j.c.u.CasinoLogger -> JOB: New Bet      -> Bet [betAmount=9.0, playerUUID=PLAYER-CRON-UUID-4, gameUUID=BLACKJACK-UUID, balancePlayer=97.0]
25-10-2020 15:05:48 INFO n.j.c.u.CasinoLogger -> TRANSACTION -> Bet [betUUID=BET-CRON-UUID-15, gameUUID=BLACKJACK-UUID, prizeAmount=0.0, comment=Bet done, balancePlayer=88.0]
25-10-2020 15:05:48 INFO n.j.c.u.CasinoLogger -> END JOB
25-10-2020 15:05:53 INFO n.j.c.u.CasinoLogger -> The Job has finished.
25-10-2020 15:06:48 INFO n.j.c.u.CasinoLogger -> The Job has begun -> New Player and his Bets
25-10-2020 15:06:48 INFO n.j.c.u.CasinoLogger -> JOB: New Player   -> Player [maxTime=302, UUID=PLAYER-CRON-UUID-5, userProvider=POKERSTAR]
25-10-2020 15:06:48 INFO n.j.c.u.CasinoLogger -> PURGE -> Players in memory = 4
25-10-2020 15:06:48 INFO n.j.c.u.CasinoLogger -> JOB: New Bet      -> Bet [betAmount=26.0, playerUUID=PLAYER-CRON-UUID-5, gameUUID=POKER-UUID, balancePlayer=138.0]
25-10-2020 15:06:48 INFO n.j.c.u.CasinoLogger -> TRANSACTION -> Bet [betUUID=BET-CRON-UUID-16, gameUUID=POKER-UUID, prizeAmount=0.0, comment=Bet done, balancePlayer=112.0]
25-10-2020 15:06:48 INFO n.j.c.u.CasinoLogger -> JOB: New Bet      -> Bet [betAmount=30.0, playerUUID=PLAYER-CRON-UUID-5, gameUUID=POKER-UUID, balancePlayer=112.0]
25-10-2020 15:06:48 INFO n.j.c.u.CasinoLogger -> TRANSACTION -> Bet [betUUID=BET-CRON-UUID-17, gameUUID=POKER-UUID, prizeAmount=0.0, comment=Bet done, balancePlayer=82.0]
25-10-2020 15:06:48 INFO n.j.c.u.CasinoLogger -> JOB: New Bet      -> Bet [betAmount=23.0, playerUUID=PLAYER-CRON-UUID-5, gameUUID=BLACKJACK-UUID, balancePlayer=82.0]
25-10-2020 15:06:48 INFO n.j.c.u.CasinoLogger -> TRANSACTION -> Bet [betUUID=BET-CRON-UUID-18, gameUUID=BLACKJACK-UUID, prizeAmount=0.0, comment=Bet done, balancePlayer=59.0]
25-10-2020 15:06:48 INFO n.j.c.u.CasinoLogger -> END JOB
25-10-2020 15:06:53 INFO n.j.c.u.CasinoLogger -> The Job has finished.
25-10-2020 15:07:48 INFO n.j.c.u.CasinoLogger -> The Job has begun -> New Player and his Bets
25-10-2020 15:07:48 INFO n.j.c.u.CasinoLogger -> JOB: New Player   -> Player [maxTime=246, UUID=PLAYER-CRON-UUID-6, userProvider=POKERSTAR]
25-10-2020 15:07:48 INFO n.j.c.u.CasinoLogger -> PURGE -> Players in memory = 5
25-10-2020 15:07:48 INFO n.j.c.u.CasinoLogger -> JOB: New Bet      -> Bet [betAmount=4.0, playerUUID=PLAYER-CRON-UUID-6, gameUUID=VIDEOBINGO-UUID, balancePlayer=182.0]
25-10-2020 15:07:48 INFO n.j.c.u.CasinoLogger -> JOB: New Bet      -> Bet [betAmount=9.0, playerUUID=PLAYER-CRON-UUID-6, gameUUID=VIDEOBINGO-UUID, balancePlayer=182.0]
25-10-2020 15:07:48 INFO n.j.c.u.CasinoLogger -> TRANSACTION -> Bet [betUUID=BET-CRON-UUID-20, gameUUID=VIDEOBINGO-UUID, prizeAmount=0.0, comment=Bet done, balancePlayer=173.0]
25-10-2020 15:07:48 INFO n.j.c.u.CasinoLogger -> JOB: New Bet      -> Bet [betAmount=10.0, playerUUID=PLAYER-CRON-UUID-6, gameUUID=VIDEOBINGO-UUID, balancePlayer=173.0]
25-10-2020 15:07:48 INFO n.j.c.u.CasinoLogger -> TRANSACTION -> Bet [betUUID=BET-CRON-UUID-21, gameUUID=VIDEOBINGO-UUID, prizeAmount=0.0, comment=Bet done, balancePlayer=163.0]
25-10-2020 15:07:48 INFO n.j.c.u.CasinoLogger -> END JOB
25-10-2020 15:07:53 INFO n.j.c.u.CasinoLogger -> The Job has finished.
25-10-2020 15:08:48 INFO n.j.c.u.CasinoLogger -> The Job has begun -> New Player and his Bets
25-10-2020 15:08:48 INFO n.j.c.u.CasinoLogger -> JOB: New Player   -> Player [maxTime=289, UUID=PLAYER-CRON-UUID-7, userProvider=BWIN]
25-10-2020 15:08:48 INFO n.j.c.u.CasinoLogger -> PURGE -> Players in memory = 4
25-10-2020 15:08:48 INFO n.j.c.u.CasinoLogger -> JOB: New Bet      -> Bet [betAmount=5.0, playerUUID=PLAYER-CRON-UUID-7, gameUUID=VIDEOBINGO-UUID, balancePlayer=138.0]
25-10-2020 15:08:48 INFO n.j.c.u.CasinoLogger -> TRANSACTION -> Bet [betUUID=BET-CRON-UUID-22, gameUUID=VIDEOBINGO-UUID, prizeAmount=0.0, comment=Bet done, balancePlayer=133.0]
25-10-2020 15:08:48 INFO n.j.c.u.CasinoLogger -> JOB: New Bet      -> Bet [betAmount=14.0, playerUUID=PLAYER-CRON-UUID-7, gameUUID=POKER-UUID, balancePlayer=133.0]
25-10-2020 15:08:48 INFO n.j.c.u.CasinoLogger -> TRANSACTION -> Bet [betUUID=BET-CRON-UUID-23, gameUUID=POKER-UUID, prizeAmount=0.0, comment=Bet done, balancePlayer=119.0]
25-10-2020 15:08:48 INFO n.j.c.u.CasinoLogger -> JOB: New Bet      -> Bet [betAmount=22.0, playerUUID=PLAYER-CRON-UUID-7, gameUUID=POKER-UUID, balancePlayer=119.0]
25-10-2020 15:08:48 INFO n.j.c.u.CasinoLogger -> TRANSACTION -> Bet [betUUID=BET-CRON-UUID-24, gameUUID=POKER-UUID, prizeAmount=0.0, comment=Bet done, balancePlayer=97.0]
25-10-2020 15:08:48 INFO n.j.c.u.CasinoLogger -> END JOB
25-10-2020 15:08:53 INFO n.j.c.u.CasinoLogger -> The Job has finished.
25-10-2020 15:09:48 INFO n.j.c.u.CasinoLogger -> The Job has begun -> New Player and his Bets
25-10-2020 15:09:48 INFO n.j.c.u.CasinoLogger -> JOB: New Player   -> Player [maxTime=258, UUID=PLAYER-CRON-UUID-8, userProvider=POKERSTAR]
25-10-2020 15:09:48 INFO n.j.c.u.CasinoLogger -> PURGE -> Players in memory = 5
25-10-2020 15:09:48 INFO n.j.c.u.CasinoLogger -> JOB: New Bet      -> Bet [betAmount=22.0, playerUUID=PLAYER-CRON-UUID-8, gameUUID=VIDEOBINGO-UUID, balancePlayer=187.0]
25-10-2020 15:09:48 INFO n.j.c.u.CasinoLogger -> TRANSACTION -> Bet [betUUID=BET-CRON-UUID-25, gameUUID=VIDEOBINGO-UUID, prizeAmount=0.0, comment=Bet done, balancePlayer=165.0]
25-10-2020 15:09:48 INFO n.j.c.u.CasinoLogger -> JOB: New Bet      -> Bet [betAmount=15.0, playerUUID=PLAYER-CRON-UUID-8, gameUUID=POKER-UUID, balancePlayer=165.0]
25-10-2020 15:09:48 INFO n.j.c.u.CasinoLogger -> TRANSACTION -> Bet [betUUID=BET-CRON-UUID-26, gameUUID=POKER-UUID, prizeAmount=0.0, comment=Bet done, balancePlayer=150.0]
25-10-2020 15:09:48 INFO n.j.c.u.CasinoLogger -> JOB: New Bet      -> Bet [betAmount=8.0, playerUUID=PLAYER-CRON-UUID-8, gameUUID=VIDEOBINGO-UUID, balancePlayer=150.0]
25-10-2020 15:09:48 INFO n.j.c.u.CasinoLogger -> TRANSACTION -> Bet [betUUID=BET-CRON-UUID-27, gameUUID=VIDEOBINGO-UUID, prizeAmount=0.0, comment=Bet done, balancePlayer=142.0]
25-10-2020 15:09:48 INFO n.j.c.u.CasinoLogger -> END JOB
25-10-2020 15:09:53 INFO n.j.c.u.CasinoLogger -> The Job has finished.
25-10-2020 15:10:48 INFO n.j.c.u.CasinoLogger -> The Job has begun -> New Player and his Bets
25-10-2020 15:10:48 INFO n.j.c.u.CasinoLogger -> JOB: New Player   -> Player [maxTime=145, UUID=PLAYER-CRON-UUID-9, userProvider=POKERSTAR]
25-10-2020 15:10:48 INFO n.j.c.u.CasinoLogger -> PURGE -> Players in memory = 5
25-10-2020 15:10:48 INFO n.j.c.u.CasinoLogger -> JOB: New Bet      -> Bet [betAmount=21.0, playerUUID=PLAYER-CRON-UUID-9, gameUUID=POKER-UUID, balancePlayer=101.0]
25-10-2020 15:10:48 INFO n.j.c.u.CasinoLogger -> TRANSACTION -> Bet [betUUID=BET-CRON-UUID-28, gameUUID=POKER-UUID, prizeAmount=0.0, comment=Bet done, balancePlayer=80.0]
25-10-2020 15:10:48 INFO n.j.c.u.CasinoLogger -> JOB: New Bet      -> Bet [betAmount=10.0, playerUUID=PLAYER-CRON-UUID-9, gameUUID=BLACKJACK-UUID, balancePlayer=80.0]
25-10-2020 15:10:48 INFO n.j.c.u.CasinoLogger -> TRANSACTION -> Bet [betUUID=BET-CRON-UUID-29, gameUUID=BLACKJACK-UUID, prizeAmount=0.0, comment=Bet done, balancePlayer=70.0]
25-10-2020 15:10:48 INFO n.j.c.u.CasinoLogger -> JOB: New Bet      -> Bet [betAmount=4.0, playerUUID=PLAYER-CRON-UUID-9, gameUUID=BLACKJACK-UUID, balancePlayer=70.0]
25-10-2020 15:10:48 INFO n.j.c.u.CasinoLogger -> END JOB
25-10-2020 15:10:53 INFO n.j.c.u.CasinoLogger -> The Job has finished.
25-10-2020 15:11:48 INFO n.j.c.u.CasinoLogger -> The Job has begun -> New Player and his Bets
25-10-2020 15:11:48 INFO n.j.c.u.CasinoLogger -> JOB: New Player   -> Player [maxTime=262, UUID=PLAYER-CRON-UUID-10, userProvider=OTHER]
25-10-2020 15:11:48 INFO n.j.c.u.CasinoLogger -> PURGE -> Players in memory = 6
25-10-2020 15:11:48 INFO n.j.c.u.CasinoLogger -> JOB: New Bet      -> Bet [betAmount=9.0, playerUUID=PLAYER-CRON-UUID-10, gameUUID=VIDEOBINGO-UUID, balancePlayer=193.0]
25-10-2020 15:11:48 INFO n.j.c.u.CasinoLogger -> TRANSACTION -> Bet [betUUID=BET-CRON-UUID-31, gameUUID=VIDEOBINGO-UUID, prizeAmount=0.0, comment=Bet done, balancePlayer=184.0]
25-10-2020 15:11:48 INFO n.j.c.u.CasinoLogger -> JOB: New Bet      -> Bet [betAmount=8.0, playerUUID=PLAYER-CRON-UUID-10, gameUUID=POKER-UUID, balancePlayer=184.0]
25-10-2020 15:11:48 INFO n.j.c.u.CasinoLogger -> TRANSACTION -> Bet [betUUID=BET-CRON-UUID-32, gameUUID=POKER-UUID, prizeAmount=0.0, comment=Bet done, balancePlayer=176.0]
25-10-2020 15:11:48 INFO n.j.c.u.CasinoLogger -> JOB: New Bet      -> Bet [betAmount=13.0, playerUUID=PLAYER-CRON-UUID-10, gameUUID=BLACKJACK-UUID, balancePlayer=176.0]
25-10-2020 15:11:48 INFO n.j.c.u.CasinoLogger -> TRANSACTION -> Bet [betUUID=BET-CRON-UUID-33, gameUUID=BLACKJACK-UUID, prizeAmount=0.0, comment=Bet done, balancePlayer=163.0]
25-10-2020 15:11:48 INFO n.j.c.u.CasinoLogger -> END JOB
25-10-2020 15:11:53 INFO n.j.c.u.CasinoLogger -> The Job has finished.
25-10-2020 15:12:48 INFO n.j.c.u.CasinoLogger -> The Job has begun -> New Player and his Bets
25-10-2020 15:12:48 INFO n.j.c.u.CasinoLogger -> JOB: New Player   -> Player [maxTime=206, UUID=PLAYER-CRON-UUID-11, userProvider=BWIN]
25-10-2020 15:12:48 INFO n.j.c.u.CasinoLogger -> PURGE -> Players in memory = 5
25-10-2020 15:12:48 INFO n.j.c.u.CasinoLogger -> JOB: New Bet      -> Bet [betAmount=27.0, playerUUID=PLAYER-CRON-UUID-11, gameUUID=VIDEOBINGO-UUID, balancePlayer=152.0]
25-10-2020 15:12:48 INFO n.j.c.u.CasinoLogger -> TRANSACTION -> Bet [betUUID=BET-CRON-UUID-34, gameUUID=VIDEOBINGO-UUID, prizeAmount=0.0, comment=Bet done, balancePlayer=125.0]
25-10-2020 15:12:48 INFO n.j.c.u.CasinoLogger -> JOB: New Bet      -> Bet [betAmount=29.0, playerUUID=PLAYER-CRON-UUID-11, gameUUID=POKER-UUID, balancePlayer=125.0]
25-10-2020 15:12:48 INFO n.j.c.u.CasinoLogger -> TRANSACTION -> Bet [betUUID=BET-CRON-UUID-35, gameUUID=POKER-UUID, prizeAmount=0.0, comment=Bet done, balancePlayer=96.0]
25-10-2020 15:12:48 INFO n.j.c.u.CasinoLogger -> JOB: New Bet      -> Bet [betAmount=12.0, playerUUID=PLAYER-CRON-UUID-11, gameUUID=POKER-UUID, balancePlayer=96.0]
25-10-2020 15:12:48 INFO n.j.c.u.CasinoLogger -> TRANSACTION -> Bet [betUUID=BET-CRON-UUID-36, gameUUID=POKER-UUID, prizeAmount=0.0, comment=Bet done, balancePlayer=84.0]
25-10-2020 15:12:48 INFO n.j.c.u.CasinoLogger -> END JOB
25-10-2020 15:12:53 INFO n.j.c.u.CasinoLogger -> The Job has finished.
25-10-2020 15:13:48 INFO n.j.c.u.CasinoLogger -> The Job has begun -> New Player and his Bets
25-10-2020 15:13:48 INFO n.j.c.u.CasinoLogger -> JOB: New Player   -> Player [maxTime=227, UUID=PLAYER-CRON-UUID-12, userProvider=OTHER]
25-10-2020 15:13:48 INFO n.j.c.u.CasinoLogger -> PURGE -> Players in memory = 4
25-10-2020 15:13:48 INFO n.j.c.u.CasinoLogger -> JOB: New Bet      -> Bet [betAmount=15.0, playerUUID=PLAYER-CRON-UUID-12, gameUUID=BLACKJACK-UUID, balancePlayer=135.0]
25-10-2020 15:13:48 INFO n.j.c.u.CasinoLogger -> TRANSACTION -> Bet [betUUID=BET-CRON-UUID-37, gameUUID=BLACKJACK-UUID, prizeAmount=0.0, comment=Bet done, balancePlayer=120.0]
25-10-2020 15:13:48 INFO n.j.c.u.CasinoLogger -> JOB: New Bet      -> Bet [betAmount=7.0, playerUUID=PLAYER-CRON-UUID-12, gameUUID=BLACKJACK-UUID, balancePlayer=120.0]
25-10-2020 15:13:48 INFO n.j.c.u.CasinoLogger -> TRANSACTION -> Bet [betUUID=BET-CRON-UUID-38, gameUUID=BLACKJACK-UUID, prizeAmount=0.0, comment=Bet done, balancePlayer=113.0]
25-10-2020 15:13:48 INFO n.j.c.u.CasinoLogger -> JOB: New Bet      -> Bet [betAmount=26.0, playerUUID=PLAYER-CRON-UUID-12, gameUUID=POKER-UUID, balancePlayer=113.0]
25-10-2020 15:13:48 INFO n.j.c.u.CasinoLogger -> TRANSACTION -> Bet [betUUID=BET-CRON-UUID-39, gameUUID=POKER-UUID, prizeAmount=0.0, comment=Bet done, balancePlayer=87.0]
25-10-2020 15:13:48 INFO n.j.c.u.CasinoLogger -> END JOB
25-10-2020 15:13:53 INFO n.j.c.u.CasinoLogger -> The Job has finished.
